<?xml version="1.0" encoding="UTF-8"?>
<!-- Generated by org.testng.reporters.JUnitReportReporter -->
<testsuite hostname="Jano-PC" name="uk.ac.warwick.thomas.test.SequentialDijkstraWithThresholdTest" tests="1" failures="0" timestamp="7 Dec 2018 16:24:06 GMT" time="89.121" errors="0">
  <testcase name="ChrisData" time="89.121" classname="uk.ac.warwick.thomas.test.SequentialDijkstraWithThresholdTest"/>
</testsuite> <!-- uk.ac.warwick.thomas.test.SequentialDijkstraWithThresholdTest -->
