<?xml version="1.0" encoding="UTF-8"?>
<!-- Generated by org.testng.reporters.JUnitReportReporter -->
<testsuite hostname="Jano-PC" name="uk.ac.warwick.thomas.test.DijkstraBasedReplacementTest" tests="2" failures="0" timestamp="19 Nov 2018 17:07:34 GMT" time="9.249" errors="0">
  <testcase name="dijkstraBasedReplacementTest" time="0.003" classname="uk.ac.warwick.thomas.test.DijkstraBasedReplacementTest"/>
  <testcase name="ElifsData" time="9.246" classname="uk.ac.warwick.thomas.test.DijkstraBasedReplacementTest"/>
</testsuite> <!-- uk.ac.warwick.thomas.test.DijkstraBasedReplacementTest -->
