<?xml version="1.0" encoding="UTF-8"?>
<!-- Generated by org.testng.reporters.JUnitReportReporter -->
<testsuite hostname="Jano-PC" name="uk.ac.warwick.thomas.test.SequentialDijkstraTest" tests="2" failures="0" timestamp="2 Dec 2018 19:10:48 GMT" time="9.425" errors="0">
  <testcase name="ElifsData" time="9.421" classname="uk.ac.warwick.thomas.test.SequentialDijkstraTest"/>
  <testcase name="seqDijkstraTest" time="0.004" classname="uk.ac.warwick.thomas.test.SequentialDijkstraTest"/>
</testsuite> <!-- uk.ac.warwick.thomas.test.SequentialDijkstraTest -->
