<?xml version="1.0" encoding="UTF-8"?>
<!-- Generated by org.testng.reporters.JUnitReportReporter -->
<testsuite hostname="Jano-PC" name="uk.ac.warwick.thomas.test.GreedySequentialDijkstraTest" tests="1" failures="0" timestamp="10 Dec 2018 02:18:23 GMT" time="51.330" errors="0">
  <testcase name="ChrisData" time="51.330" classname="uk.ac.warwick.thomas.test.GreedySequentialDijkstraTest"/>
</testsuite> <!-- uk.ac.warwick.thomas.test.GreedySequentialDijkstraTest -->
