<?xml version="1.0" encoding="UTF-8"?>
<!-- Generated by org.testng.reporters.JUnitReportReporter -->
<testsuite hostname="Jano-PC" name="edu.asu.emit.qyan.test.YenTopKShortestPathsAlgTest" tests="2" failures="0" timestamp="19 Nov 2018 14:03:04 GMT" time="0.039" errors="0">
  <testcase name="testDijkstraShortestPathAlg" time="0.002" classname="edu.asu.emit.qyan.test.YenTopKShortestPathsAlgTest"/>
  <testcase name="testYenShortestPathsAlg4MultipleGraphs" time="0.037" classname="edu.asu.emit.qyan.test.YenTopKShortestPathsAlgTest"/>
</testsuite> <!-- edu.asu.emit.qyan.test.YenTopKShortestPathsAlgTest -->
