<?xml version="1.0" encoding="UTF-8"?>
<!-- Generated by org.testng.reporters.JUnitReportReporter -->
<testsuite hostname="Jano-PC" name="uk.ac.warwick.thomas.test.DijkstraBasedReplacementTest" tests="2" failures="0" timestamp="16 Nov 2018 16:08:51 GMT" time="20.038" errors="0">
  <testcase name="ElifsData" time="20.034" classname="uk.ac.warwick.thomas.test.DijkstraBasedReplacementTest"/>
  <testcase name="dijkstraBasedReplacementTest" time="0.004" classname="uk.ac.warwick.thomas.test.DijkstraBasedReplacementTest"/>
</testsuite> <!-- uk.ac.warwick.thomas.test.DijkstraBasedReplacementTest -->
