<?xml version="1.0" encoding="UTF-8"?>
<!-- Generated by org.testng.reporters.JUnitReportReporter -->
<testsuite hostname="Jano-PC" name="uk.ac.warwick.thomas.test.SequentialDijkstraWithThresholdTest" tests="1" failures="0" timestamp="19 Nov 2018 17:30:35 GMT" time="129.838" errors="0">
  <testcase name="ElifsData" time="129.838" classname="uk.ac.warwick.thomas.test.SequentialDijkstraWithThresholdTest"/>
</testsuite> <!-- uk.ac.warwick.thomas.test.SequentialDijkstraWithThresholdTest -->
