<?xml version="1.0" encoding="UTF-8"?>
<!-- Generated by org.testng.reporters.JUnitReportReporter -->
<testsuite hostname="Jano-PC" name="uk.ac.warwick.thomas.test.SequentialDijkstraTest" tests="2" failures="0" timestamp="13 Nov 2018 16:49:28 GMT" time="21.557" errors="0">
  <testcase name="ElifsData" time="21.538" classname="uk.ac.warwick.thomas.test.SequentialDijkstraTest"/>
  <testcase name="seqDijkstraTest" time="0.019" classname="uk.ac.warwick.thomas.test.SequentialDijkstraTest"/>
</testsuite> <!-- uk.ac.warwick.thomas.test.SequentialDijkstraTest -->
