<?xml version="1.0" encoding="UTF-8"?>
<!-- Generated by org.testng.reporters.JUnitReportReporter -->
<testsuite hostname="Jano-PC" name="edu.asu.emit.qyan.test.YenTopKShortestPathsAlgTest" tests="2" failures="0" timestamp="2 Dec 2018 19:24:54 GMT" time="0.021" errors="0">
  <testcase name="testYenShortestPathsAlg4MultipleGraphs" time="0.019" classname="edu.asu.emit.qyan.test.YenTopKShortestPathsAlgTest"/>
  <testcase name="testDijkstraShortestPathAlg" time="0.002" classname="edu.asu.emit.qyan.test.YenTopKShortestPathsAlgTest"/>
</testsuite> <!-- edu.asu.emit.qyan.test.YenTopKShortestPathsAlgTest -->
