<?xml version="1.0" encoding="UTF-8"?>
<!-- Generated by org.testng.reporters.JUnitReportReporter -->
<testsuite hostname="Jano-PC" name="uk.ac.warwick.thomas.test.GreedySequentialDijkstraTest" tests="1" failures="0" timestamp="19 Nov 2018 15:18:31 GMT" time="10.064" errors="0">
  <testcase name="ElifsData" time="10.064" classname="uk.ac.warwick.thomas.test.GreedySequentialDijkstraTest"/>
</testsuite> <!-- uk.ac.warwick.thomas.test.GreedySequentialDijkstraTest -->
