<?xml version="1.0" encoding="UTF-8"?>
<!-- Generated by org.testng.reporters.JUnitReportReporter -->
<testsuite hostname="Jano-PC" name="uk.ac.warwick.thomas.test.SequentialDijkstraWithThresholdTest" tests="1" failures="0" timestamp="10 Dec 2018 02:18:23 GMT" time="12727.332" errors="0">
  <testcase name="ChrisData" time="12727.332" classname="uk.ac.warwick.thomas.test.SequentialDijkstraWithThresholdTest"/>
</testsuite> <!-- uk.ac.warwick.thomas.test.SequentialDijkstraWithThresholdTest -->
