<?xml version="1.0" encoding="UTF-8"?>
<!-- Generated by org.testng.reporters.JUnitReportReporter -->
<testsuite hostname="Jano-PC" name="uk.ac.warwick.thomas.test.DijkstraBasedReplacementTest" tests="2" failures="0" timestamp="2 Dec 2018 21:28:59 GMT" time="12.685" errors="0">
  <testcase name="dijkstraBasedReplacementTest" time="0.004" classname="uk.ac.warwick.thomas.test.DijkstraBasedReplacementTest"/>
  <testcase name="ElifsData" time="12.681" classname="uk.ac.warwick.thomas.test.DijkstraBasedReplacementTest"/>
</testsuite> <!-- uk.ac.warwick.thomas.test.DijkstraBasedReplacementTest -->
