<?xml version="1.0" encoding="UTF-8"?>
<!-- Generated by org.testng.reporters.JUnitReportReporter -->
<testsuite hostname="Jano-PC" name="edu.asu.emit.qyan.test.ShortestPathAlgTest" tests="1" failures="0" timestamp="7 Dec 2018 16:35:09 GMT" time="0.015" errors="0">
  <testcase name="testShorstPathAlg" time="0.015" classname="edu.asu.emit.qyan.test.ShortestPathAlgTest"/>
</testsuite> <!-- edu.asu.emit.qyan.test.ShortestPathAlgTest -->
