<?xml version="1.0" encoding="UTF-8"?>
<!-- Generated by org.testng.reporters.JUnitReportReporter -->
<testsuite hostname="Jano-PC" name="uk.ac.warwick.thomas.test.SequentialDijkstraTest" tests="2" failures="0" timestamp="2 Dec 2018 21:28:59 GMT" time="11.862" errors="0">
  <testcase name="ElifsData" time="11.860" classname="uk.ac.warwick.thomas.test.SequentialDijkstraTest"/>
  <testcase name="seqDijkstraTest" time="0.002" classname="uk.ac.warwick.thomas.test.SequentialDijkstraTest"/>
</testsuite> <!-- uk.ac.warwick.thomas.test.SequentialDijkstraTest -->
