<?xml version="1.0" encoding="UTF-8"?>
<!-- Generated by org.testng.reporters.JUnitReportReporter -->
<testsuite hostname="Jano-PC" name="uk.ac.warwick.thomas.test.SequentialDijkstraTest" tests="2" failures="0" timestamp="19 Nov 2018 17:07:34 GMT" time="12.870" errors="0">
  <testcase name="ElifsData" time="12.867" classname="uk.ac.warwick.thomas.test.SequentialDijkstraTest"/>
  <testcase name="seqDijkstraTest" time="0.003" classname="uk.ac.warwick.thomas.test.SequentialDijkstraTest"/>
</testsuite> <!-- uk.ac.warwick.thomas.test.SequentialDijkstraTest -->
