<?xml version="1.0" encoding="UTF-8"?>
<!-- Generated by org.testng.reporters.JUnitReportReporter -->
<testsuite hostname="Jano-PC" name="edu.asu.emit.qyan.test.ShortestPathAlgTest" tests="1" failures="0" timestamp="10 Dec 2018 02:18:23 GMT" time="0.005" errors="0">
  <testcase name="testShorstPathAlg" time="0.005" classname="edu.asu.emit.qyan.test.ShortestPathAlgTest"/>
</testsuite> <!-- edu.asu.emit.qyan.test.ShortestPathAlgTest -->
