<?xml version="1.0" encoding="UTF-8"?>
<!-- Generated by org.testng.reporters.JUnitReportReporter -->
<testsuite hostname="Jano-PC" name="edu.asu.emit.qyan.test.ShortestPathAlgTest" tests="1" failures="0" timestamp="16 Nov 2018 16:08:51 GMT" time="0.035" errors="0">
  <testcase name="testShorstPathAlg" time="0.035" classname="edu.asu.emit.qyan.test.ShortestPathAlgTest"/>
</testsuite> <!-- edu.asu.emit.qyan.test.ShortestPathAlgTest -->
