<?xml version="1.0" encoding="UTF-8"?>
<!-- Generated by org.testng.reporters.JUnitReportReporter -->
<testsuite hostname="Jano-PC" name="uk.ac.warwick.thomas.test.DijkstraBasedReplacementTest" tests="2" failures="0" timestamp="12 Nov 2018 10:42:45 GMT" time="21.108" errors="0">
  <testcase name="ElifsData" time="21.104" classname="uk.ac.warwick.thomas.test.DijkstraBasedReplacementTest"/>
  <testcase name="dijkstraBasedReplacementTest" time="0.004" classname="uk.ac.warwick.thomas.test.DijkstraBasedReplacementTest"/>
</testsuite> <!-- uk.ac.warwick.thomas.test.DijkstraBasedReplacementTest -->
