<?xml version="1.0" encoding="UTF-8"?>
<!-- Generated by org.testng.reporters.JUnitReportReporter -->
<testsuite hostname="Jano-PC" name="uk.ac.warwick.thomas.test.SequentialDijkstraWithThresholdTest" tests="1" failures="0" timestamp="2 Dec 2018 21:28:59 GMT" time="76.261" errors="0">
  <testcase name="ElifsData" time="76.261" classname="uk.ac.warwick.thomas.test.SequentialDijkstraWithThresholdTest"/>
</testsuite> <!-- uk.ac.warwick.thomas.test.SequentialDijkstraWithThresholdTest -->
